<?xml version="1.0" encoding="UTF-8"?>
<testsuite name="stepDefinitions.RunCukesTest" tests="0" skipped="0" failures="0" errors="0" timestamp="1970-01-01T00:00:00" hostname="in-satheesh.local" time="0.0">
  <properties/>
  <system-out><![CDATA[Feature: As a user,I want to be able to single sign on to Egnyte tool

  Scenario: Verify user is able to single sidgn on to egnyte without additional login prompts ?[90m# features/EgnyteLogin.feature:3?[0m
    ?[32mGiven ?[0m?[32mI open msp catalyst okta login page?[0m                                                 ?[90m# EgnyteStepDefinitions.i_open_msp_catalyst_okta_login_page()?[0m
    ?[32mWhen ?[0m?[32mI enter okta username as "?[0m?[32m?[1mthivyae@thoughtworks.com?[0m?[32m"?[0m                                  ?[90m# EgnyteStepDefinitions.iEnterOktaUsernameAs(String)?[0m
    ?[32mAnd ?[0m?[32mI enter okta password as "?[0m?[32m?[1mTest123!@#?[0m?[32m"?[0m                                                 ?[90m# EgnyteStepDefinitions.iEnterOktaPasswordAs(String)?[0m
    ?[32mAnd ?[0m?[32mI click on SignIn button?[0m                                                              ?[90m# EgnyteStepDefinitions.iClickOnSignInButton()?[0m
    ?[31mThen ?[0m?[31mI should be taken to msp catalyst home page?[0m                                          ?[90m# EgnyteStepDefinitions.iShouldBeTakenToMspCatalystHomePage()?[0m
      ?[31morg.junit.ComparisonFailure: expected:<"[Recipes]"> but was:<"[Stringeerw]">
      	at sun.reflect.NativeConstructorAccessorImpl.newInstance0(Native Method)
      	at sun.reflect.NativeConstructorAccessorImpl.newInstance(NativeConstructorAccessorImpl.java:62)
      	at sun.reflect.DelegatingConstructorAccessorImpl.newInstance(DelegatingConstructorAccessorImpl.java:45)
      	at pages.HomePage.verifyPageTitle(HomePage.java:29)
      	at stepDefinitions.EgnyteStepDefinitions.iShouldBeTakenToMspCatalystHomePage(EgnyteStepDefinitions.java:41)
      	at ✽.Then I should be taken to msp catalyst home page(features/EgnyteLogin.feature:8)
      ?[0m

?[31mFailed scenarios:?[0m
?[31mfeatures/EgnyteLogin.feature:3 ?[0m# Scenario: Verify user is able to single sidgn on to egnyte without additional login prompts

1 Scenarios (?[31m1 failed?[0m)
5 Steps (?[31m1 failed?[0m, ?[32m4 passed?[0m)
0m8.748s

org.junit.ComparisonFailure: expected:<"[Recipes]"> but was:<"[Stringeerw]">
	at sun.reflect.NativeConstructorAccessorImpl.newInstance0(Native Method)
	at sun.reflect.NativeConstructorAccessorImpl.newInstance(NativeConstructorAccessorImpl.java:62)
	at sun.reflect.DelegatingConstructorAccessorImpl.newInstance(DelegatingConstructorAccessorImpl.java:45)
	at pages.HomePage.verifyPageTitle(HomePage.java:29)
	at stepDefinitions.EgnyteStepDefinitions.iShouldBeTakenToMspCatalystHomePage(EgnyteStepDefinitions.java:41)
	at ✽.Then I should be taken to msp catalyst home page(features/EgnyteLogin.feature:8)

]]></system-out>
  <system-err><![CDATA[]]></system-err>
</testsuite>
